<?xml version="1.0" encoding="UTF-8"?>
<testng-results ignored="0" total="1" passed="1" failed="0" skipped="0">
  <reporter-output>
  </reporter-output>
  <suite started-at="2019-05-04T18:10:57Z" name="Suite" finished-at="2019-05-04T18:10:57Z" duration-ms="174">
    <groups>
    </groups>
    <test started-at="2019-05-04T18:10:57Z" name="Test" finished-at="2019-05-04T18:10:57Z" duration-ms="174">
      <class name="grp.mvi.NewTest">
        <test-method signature="f()[pri:0, instance:grp.mvi.NewTest@424e1977]" started-at="2019-05-04T18:10:57Z" name="f" finished-at="2019-05-04T18:10:57Z" duration-ms="89" status="PASS">
          <reporter-output>
          </reporter-output>
        </test-method> <!-- f -->
      </class> <!-- grp.mvi.NewTest -->
    </test> <!-- Test -->
  </suite> <!-- Suite -->
</testng-results>
